<?xml version="1.0" encoding="UTF-8"?>
<!-- Generated by org.testng.reporters.JUnitReportReporter -->
<testsuite hostname="LAPTOP-6RJE64KM" failures="0" tests="4" name="dataProviderPack.DataProviderAndClass" time="23.642" errors="0" timestamp="2023-09-12T13:09:35 IST" skipped="0">
  <testcase classname="dataProviderPack.DataProviderAndClass" name="testName" time="5.107"/>
  <system-out/>
  <testcase classname="dataProviderPack.DataProviderAndClass" name="testName" time="6.262"/>
  <system-out/>
  <testcase classname="dataProviderPack.DataProviderAndClass" name="testName" time="6.909"/>
  <system-out/>
  <testcase classname="dataProviderPack.DataProviderAndClass" name="testName" time="5.364"/>
  <system-out/>
</testsuite> <!-- dataProviderPack.DataProviderAndClass -->
