<?xml version="1.0" encoding="UTF-8"?>
<!-- Generated by org.testng.reporters.JUnitReportReporter -->
<testsuite hostname="LAPTOP-6RJE64KM" failures="0" tests="2" name="testNg_Attributes.Groups_Demo" time="0.017" errors="0" timestamp="2023-07-04T10:40:19 IST" skipped="0">
  <testcase classname="testNg_Attributes.Groups_Demo" name="Fourth" time="0.016"/>
  <system-out/>
  <testcase classname="testNg_Attributes.Groups_Demo" name="second" time="0.001"/>
  <system-out/>
</testsuite> <!-- testNg_Attributes.Groups_Demo -->
