<?xml version="1.0" encoding="UTF-8"?>
<!-- Generated by org.testng.reporters.JUnitReportReporter -->
<testsuite hostname="LAPTOP-6RJE64KM" failures="0" tests="2" name="testNg_Attributes.At_Ignore" time="0.021" errors="0" timestamp="2023-07-04T10:20:55 IST" skipped="0">
  <testcase classname="testNg_Attributes.At_Ignore" name="three" time="0.019"/>
  <system-out/>
  <testcase classname="testNg_Attributes.At_Ignore" name="two" time="0.002"/>
  <system-out/>
</testsuite> <!-- testNg_Attributes.At_Ignore -->
