<?xml version="1.0" encoding="UTF-8"?>
<!-- Generated by org.testng.reporters.JUnitReportReporter -->
<testsuite hostname="LAPTOP-6RJE64KM" failures="0" tests="3" name="parallel_Pack.Class_One" time="86.770" errors="0" timestamp="2023-07-05T20:12:11 IST" skipped="0">
  <testcase classname="parallel_Pack.Class_One" name="Amazon" time="25.751"/>
  <system-out/>
  <testcase classname="parallel_Pack.Class_One" name="Myntra" time="36.183"/>
  <system-out/>
  <testcase classname="parallel_Pack.Class_One" name="Flipkart" time="24.836"/>
  <system-out/>
</testsuite> <!-- parallel_Pack.Class_One -->
