<?xml version="1.0" encoding="UTF-8"?>
<!-- Generated by org.testng.reporters.JUnitReportReporter -->
<testsuite hostname="LAPTOP-6RJE64KM" failures="0" tests="3" name="testNg_Attributes.Invocation_Demo" time="18.480" errors="0" timestamp="2023-06-28T17:14:13 IST" skipped="0">
  <testcase classname="testNg_Attributes.Invocation_Demo" name="testname" time="6.686"/>
  <system-out/>
  <testcase classname="testNg_Attributes.Invocation_Demo" name="testname" time="6.404"/>
  <system-out/>
  <testcase classname="testNg_Attributes.Invocation_Demo" name="testname" time="5.390"/>
  <system-out/>
</testsuite> <!-- testNg_Attributes.Invocation_Demo -->
