<?xml version="1.0" encoding="UTF-8"?>
<!-- Generated by org.testng.reporters.JUnitReportReporter -->
<testsuite hostname="LAPTOP-6RJE64KM" failures="0" tests="3" name="all_ExcelXML.Third" time="0.022" errors="0" timestamp="2023-07-04T18:13:39 IST" skipped="0">
  <testcase classname="all_ExcelXML.Third" name="seven" time="0.002"/>
  <system-out/>
  <testcase classname="all_ExcelXML.Third" name="Nine" time="0.003"/>
  <system-out/>
  <testcase classname="all_ExcelXML.Third" name="Eight" time="0.017"/>
  <system-out/>
</testsuite> <!-- all_ExcelXML.Third -->
