<?xml version="1.0" encoding="UTF-8"?>
<!-- Generated by org.testng.reporters.JUnitReportReporter -->
<testsuite hostname="LAPTOP-6RJE64KM" failures="0" tests="2" name="all_TestNgTask.Greens_ParallelRun" time="83.141" errors="0" timestamp="2023-07-07T10:52:20 IST" skipped="0">
  <testcase classname="all_TestNgTask.Greens_ParallelRun" name="two" time="41.551"/>
  <system-out/>
  <testcase classname="all_TestNgTask.Greens_ParallelRun" name="one" time="41.590"/>
  <system-out/>
</testsuite> <!-- all_TestNgTask.Greens_ParallelRun -->
