<?xml version="1.0" encoding="UTF-8"?>
<!-- Generated by org.testng.reporters.JUnitReportReporter -->
<testsuite hostname="LAPTOP-6RJE64KM" failures="0" tests="3" name="testNg_Attributes.Ignore_Enabled" time="0.022" errors="0" timestamp="2023-07-04T10:26:09 IST" skipped="1">
  <testcase classname="testNg_Attributes.Ignore_Enabled" name="ccc" time="0.003"/>
  <system-out/>
  <testcase classname="testNg_Attributes.Ignore_Enabled" name="aaa" time="0.019"/>
  <system-out/>
  <testcase classname="testNg_Attributes.Ignore_Enabled" name="bbb">
    <skipped/>
  </testcase> <!-- bbb -->
  <system-out/>
</testsuite> <!-- testNg_Attributes.Ignore_Enabled -->
