<?xml version="1.0" encoding="UTF-8"?>
<!-- Generated by org.testng.reporters.JUnitReportReporter -->
<testsuite hostname="LAPTOP-6RJE64KM" failures="0" tests="1" name="all_Annotation.Test_Three" time="0.002" errors="0" timestamp="2023-06-27T19:48:10 IST" skipped="0">
  <testcase classname="all_Annotation.Test_Three" name="f" time="0.002"/>
  <system-out/>
</testsuite> <!-- all_Annotation.Test_Three -->
