<?xml version="1.0" encoding="UTF-8"?>
<!-- Generated by org.testng.reporters.JUnitReportReporter -->
<testsuite hostname="LAPTOP-6RJE64KM" failures="0" tests="2" name="all_Annotation.AAAAAAAAA" time="0.041" errors="0" timestamp="2023-07-14T12:45:15 IST" skipped="0">
  <testcase classname="all_Annotation.AAAAAAAAA" name="b" time="0.003"/>
  <system-out/>
  <testcase classname="all_Annotation.AAAAAAAAA" name="a" time="0.038"/>
  <system-out/>
</testsuite> <!-- all_Annotation.AAAAAAAAA -->
