<?xml version="1.0" encoding="UTF-8"?>
<!-- Generated by org.testng.reporters.JUnitReportReporter -->
<testsuite hostname="LAPTOP-6RJE64KM" failures="0" tests="3" name="all_ExcelXML.First" time="0.004" errors="0" timestamp="2023-07-04T18:13:39 IST" skipped="0">
  <testcase classname="all_ExcelXML.First" name="one" time="0.002"/>
  <system-out/>
  <testcase classname="all_ExcelXML.First" name="two" time="0.001"/>
  <system-out/>
  <testcase classname="all_ExcelXML.First" name="three" time="0.001"/>
  <system-out/>
</testsuite> <!-- all_ExcelXML.First -->
