<?xml version="1.0" encoding="UTF-8"?>
<!-- Generated by org.testng.reporters.JUnitReportReporter -->
<testsuite hostname="LAPTOP-6RJE64KM" failures="0" tests="1" name="testNg_Attributes.TimeOut_Demo" time="6.604" errors="0" timestamp="2023-06-28T17:06:03 IST" skipped="0">
  <testcase classname="testNg_Attributes.TimeOut_Demo" name="swagTest" time="6.604"/>
  <system-out/>
</testsuite> <!-- testNg_Attributes.TimeOut_Demo -->
