<?xml version="1.0" encoding="UTF-8"?>
<!-- Generated by org.testng.reporters.JUnitReportReporter -->
<testsuite hostname="LAPTOP-6RJE64KM" failures="0" tests="3" name="all_ExcelXML.Second" time="0.006" errors="0" timestamp="2023-07-04T18:13:39 IST" skipped="0">
  <testcase classname="all_ExcelXML.Second" name="Four" time="0.002"/>
  <system-out/>
  <testcase classname="all_ExcelXML.Second" name="Six" time="0.002"/>
  <system-out/>
  <testcase classname="all_ExcelXML.Second" name="Five" time="0.002"/>
  <system-out/>
</testsuite> <!-- all_ExcelXML.Second -->
