<?xml version="1.0" encoding="UTF-8"?>
<!-- Generated by org.testng.reporters.JUnitReportReporter -->
<testsuite hostname="LAPTOP-6RJE64KM" failures="0" tests="1" name="all_TestNgTask.FaceBook_Demo" time="8.486" errors="0" timestamp="2023-07-05T12:30:07 IST" skipped="0">
  <testcase classname="all_TestNgTask.FaceBook_Demo" name="testName" time="8.486"/>
  <system-out/>
</testsuite> <!-- all_TestNgTask.FaceBook_Demo -->
