<?xml version="1.0" encoding="UTF-8"?>
<!-- Generated by org.testng.reporters.JUnitReportReporter -->
<testsuite hostname="LAPTOP-6RJE64KM" failures="0" tests="3" name="testNg_Attributes.Priority_Demo" time="0.022" errors="0" timestamp="2023-06-28T16:55:48 IST" skipped="0">
  <testcase classname="testNg_Attributes.Priority_Demo" name="username" time="0.018"/>
  <system-out/>
  <testcase classname="testNg_Attributes.Priority_Demo" name="Password" time="0.002"/>
  <system-out/>
  <testcase classname="testNg_Attributes.Priority_Demo" name="login" time="0.002"/>
  <system-out/>
</testsuite> <!-- testNg_Attributes.Priority_Demo -->
