<?xml version="1.0" encoding="UTF-8"?>
<!-- Generated by org.testng.reporters.JUnitReportReporter -->
<testsuite hostname="LAPTOP-6RJE64KM" failures="0" tests="3" name="parallel_Pack.Class_Two" time="43.160" errors="0" timestamp="2023-07-05T20:12:11 IST" skipped="0">
  <testcase classname="parallel_Pack.Class_Two" name="Twitter" time="24.612"/>
  <system-out/>
  <testcase classname="parallel_Pack.Class_Two" name="Instagram" time="8.842"/>
  <system-out/>
  <testcase classname="parallel_Pack.Class_Two" name="FaceBook" time="9.706"/>
  <system-out/>
</testsuite> <!-- parallel_Pack.Class_Two -->
