<?xml version="1.0" encoding="UTF-8"?>
<!-- Generated by org.testng.reporters.JUnitReportReporter -->
<testsuite hostname="LAPTOP-6RJE64KM" failures="0" tests="2" name="all_Annotation.Complete_Annotation" time="0.012" errors="0" timestamp="2023-09-30T19:31:48 IST" skipped="0">
  <testcase classname="all_Annotation.Complete_Annotation" name="Test2" time="0.003"/>
  <system-out/>
  <testcase classname="all_Annotation.Complete_Annotation" name="Test1" time="0.009"/>
  <system-out/>
</testsuite> <!-- all_Annotation.Complete_Annotation -->
