<?xml version="1.0" encoding="UTF-8"?>
<!-- Generated by org.testng.reporters.JUnitReportReporter -->
<testsuite hostname="LAPTOP-6RJE64KM" failures="0" tests="1" name="all_TestNgTask.RedBus" time="25.593" errors="0" timestamp="2023-07-07T10:36:52 IST" skipped="0">
  <testcase classname="all_TestNgTask.RedBus" name="Red" time="25.593"/>
  <system-out/>
</testsuite> <!-- all_TestNgTask.RedBus -->
