<?xml version="1.0" encoding="UTF-8"?>
<!-- Generated by org.testng.reporters.JUnitReportReporter -->
<testsuite hostname="LAPTOP-6RJE64KM" failures="0" tests="2" name="testNg_Attributes.Ignore_ExcludeXML" time="0.025" errors="0" timestamp="2023-07-04T10:32:45 IST" skipped="0">
  <testcase classname="testNg_Attributes.Ignore_ExcludeXML" name="Mango" time="0.024"/>
  <system-out/>
  <testcase classname="testNg_Attributes.Ignore_ExcludeXML" name="apple" time="0.001"/>
  <system-out/>
</testsuite> <!-- testNg_Attributes.Ignore_ExcludeXML -->
