<?xml version="1.0" encoding="UTF-8"?>
<!-- Generated by org.testng.reporters.JUnitReportReporter -->
<testsuite hostname="LAPTOP-6RJE64KM" failures="0" tests="1" name="dataProviderPack.ParameterDemo" time="3.948" errors="0" timestamp="2023-09-08T15:41:51 IST" skipped="0">
  <testcase classname="dataProviderPack.ParameterDemo" name="testName" time="3.948"/>
  <system-out/>
</testsuite> <!-- dataProviderPack.ParameterDemo -->
