<?xml version="1.0" encoding="UTF-8"?>
<!-- Generated by org.testng.reporters.JUnitReportReporter -->
<testsuite hostname="LAPTOP-6RJE64KM" failures="0" tests="1" name="dataProviderPack.Check_Two" time="0.996" errors="0" timestamp="2023-09-08T15:41:51 IST" skipped="0">
  <testcase classname="dataProviderPack.Check_Two" name="testName" time="0.996"/>
  <system-out/>
</testsuite> <!-- dataProviderPack.Check_Two -->
