<?xml version="1.0" encoding="UTF-8"?>
<!-- Generated by org.testng.reporters.JUnitReportReporter -->
<testsuite hostname="LAPTOP-6RJE64KM" failures="0" tests="2" name="dataProviderPack.CrossBrowser" time="20.059" errors="0" timestamp="2023-07-03T17:46:33 IST" skipped="0">
  <testcase classname="dataProviderPack.CrossBrowser" name="testName" time="11.629"/>
  <system-out/>
  <testcase classname="dataProviderPack.CrossBrowser" name="testName" time="8.430"/>
  <system-out/>
</testsuite> <!-- dataProviderPack.CrossBrowser -->
